{"level":"info","message":"🌍 Mode: production","timestamp":"2026-04-14 07:25:31"}
{"level":"info","message":"🌍 Mode: production","timestamp":"2026-04-14 07:34:07"}
{"level":"info","message":"✅ Environment Variables Validated","timestamp":"2026-04-14 07:34:07"}
{"level":"info","message":"🔥 Firebase Admin Initialized Successfully","timestamp":"2026-04-14 07:34:08"}
{"level":"info","message":"⏳ Attempting to connect to MongoDB...","timestamp":"2026-04-14 07:34:08"}
{"level":"info","message":"✅ Connected to MongoDB Successfully!","timestamp":"2026-04-14 07:34:12"}
{"level":"info","message":"📞 Cleaned up 0 stuck calls.","timestamp":"2026-04-14 07:34:15"}
{"level":"info","message":"🚀 Server is running on port 5000","timestamp":"2026-04-14 07:34:15"}
{"level":"info","message":"🌍 Mode: production","timestamp":"2026-04-14 07:38:50"}
{"level":"info","message":"✅ Environment Variables Validated","timestamp":"2026-04-14 07:38:50"}
{"level":"info","message":"🔥 Firebase Admin Initialized Successfully","timestamp":"2026-04-14 07:38:52"}
{"level":"info","message":"⏳ Attempting to connect to MongoDB...","timestamp":"2026-04-14 07:38:52"}
{"level":"info","message":"✅ Connected to MongoDB Successfully!","timestamp":"2026-04-14 07:38:55"}
{"level":"info","message":"📞 Cleaned up 0 stuck calls.","timestamp":"2026-04-14 07:38:57"}
{"level":"info","message":"🚀 Server is running on port 5000","timestamp":"2026-04-14 07:38:57"}
{"level":"info","message":"🌍 Mode: production","timestamp":"2026-04-14 07:39:56"}
{"level":"info","message":"✅ Environment Variables Validated","timestamp":"2026-04-14 07:39:56"}
{"level":"info","message":"🔥 Firebase Admin Initialized Successfully","timestamp":"2026-04-14 07:39:58"}
{"level":"info","message":"⏳ Attempting to connect to MongoDB...","timestamp":"2026-04-14 07:39:59"}
{"level":"info","message":"✅ Connected to MongoDB Successfully!","timestamp":"2026-04-14 07:40:01"}
{"level":"info","message":"📞 Cleaned up 0 stuck calls.","timestamp":"2026-04-14 07:40:03"}
{"level":"info","message":"🚀 Server is running on port 5000","timestamp":"2026-04-14 07:40:03"}
{"level":"info","message":"🌍 Mode: production","timestamp":"2026-04-14 07:41:07"}
{"level":"info","message":"✅ Environment Variables Validated","timestamp":"2026-04-14 07:41:07"}
{"level":"info","message":"🔥 Firebase Admin Initialized Successfully","timestamp":"2026-04-14 07:41:08"}
{"level":"info","message":"⏳ Attempting to connect to MongoDB...","timestamp":"2026-04-14 07:41:09"}
{"level":"info","message":"✅ Connected to MongoDB Successfully!","timestamp":"2026-04-14 07:41:11"}
{"level":"info","message":"📞 Cleaned up 0 stuck calls.","timestamp":"2026-04-14 07:41:13"}
{"level":"info","message":"🚀 Server is running on port 5000","timestamp":"2026-04-14 07:41:13"}
{"level":"info","message":"\n⚠️ SIGINT received. Initiating graceful shutdown...","timestamp":"2026-04-14 07:41:18"}
{"level":"info","message":"🌍 Mode: production","timestamp":"2026-04-14 08:03:17"}
{"level":"info","message":"✅ Environment Variables Validated","timestamp":"2026-04-14 08:03:17"}
{"level":"info","message":"🔥 Firebase Admin Initialized Successfully","timestamp":"2026-04-14 08:03:18"}
{"level":"info","message":"⏳ Attempting to connect to MongoDB...","timestamp":"2026-04-14 08:03:19"}
{"level":"info","message":"✅ Connected to MongoDB Successfully!","timestamp":"2026-04-14 08:03:21"}
{"level":"info","message":"📞 Cleaned up 0 stuck calls.","timestamp":"2026-04-14 08:03:23"}
{"level":"info","message":"🚀 Server is running on port 5000","timestamp":"2026-04-14 08:03:23"}
{"level":"info","message":"::1 - - [14/Apr/2026:07:25:03 +0000] \"GET / HTTP/1.1\" 200 27 \"-\" \"Mozilla/5.0 (Windows NT 10.0; Win64; x64) AppleWebKit/537.36 (KHTML, like Gecko) Chrome/146.0.0.0 Safari/537.36\"","timestamp":"2026-04-14 08:25:03"}
{"level":"info","message":"::1 - - [14/Apr/2026:07:25:03 +0000] \"GET /favicon.ico HTTP/1.1\" 404 150 \"-\" \"Mozilla/5.0 (Windows NT 10.0; Win64; x64) AppleWebKit/537.36 (KHTML, like Gecko) Chrome/146.0.0.0 Safari/537.36\"","timestamp":"2026-04-14 08:25:03"}
{"level":"info","message":"::1 - - [14/Apr/2026:07:26:59 +0000] \"GET /.well-known/appspecific/com.chrome.devtools.json HTTP/1.1\" 404 187 \"-\" \"Mozilla/5.0 (Windows NT 10.0; Win64; x64) AppleWebKit/537.36 (KHTML, like Gecko) Chrome/146.0.0.0 Safari/537.36\"","timestamp":"2026-04-14 08:26:59"}
{"level":"info","message":"::1 - - [14/Apr/2026:07:45:05 +0000] \"GET / HTTP/1.1\" 200 27 \"-\" \"Mozilla/5.0 (Windows NT 10.0; Win64; x64) AppleWebKit/537.36 (KHTML, like Gecko) Chrome/146.0.0.0 Safari/537.36\"","timestamp":"2026-04-14 08:45:05"}
{"level":"info","message":"::1 - - [14/Apr/2026:07:45:05 +0000] \"GET /favicon.ico HTTP/1.1\" 404 150 \"-\" \"Mozilla/5.0 (Windows NT 10.0; Win64; x64) AppleWebKit/537.36 (KHTML, like Gecko) Chrome/146.0.0.0 Safari/537.36\"","timestamp":"2026-04-14 08:45:05"}
{"level":"info","message":"🌍 Mode: production","timestamp":"2026-04-14 11:44:34"}
{"level":"info","message":"✅ Environment Variables Validated","timestamp":"2026-04-14 11:44:34"}
{"level":"info","message":"🔥 Firebase Admin Initialized Successfully","timestamp":"2026-04-14 11:44:36"}
{"level":"info","message":"⏳ Attempting to connect to MongoDB...","timestamp":"2026-04-14 11:44:37"}
{"level":"info","message":"✅ Connected to MongoDB Successfully!","timestamp":"2026-04-14 11:44:44"}
{"level":"info","message":"📞 Cleaned up 0 stuck calls.","timestamp":"2026-04-14 11:44:45"}
{"level":"info","message":"🚀 Server is running on port 5000","timestamp":"2026-04-14 11:44:45"}
{"level":"info","message":"🌍 Mode: production","timestamp":"2026-04-14 20:04:58"}
{"level":"info","message":"✅ Environment Variables Validated","timestamp":"2026-04-14 20:04:58"}
{"level":"info","message":"🔥 Firebase Admin Initialized Successfully","timestamp":"2026-04-14 20:05:00"}
{"level":"info","message":"⏳ Attempting to connect to MongoDB...","timestamp":"2026-04-14 20:05:01"}
{"level":"info","message":"✅ Connected to MongoDB Successfully!","timestamp":"2026-04-14 20:05:05"}
{"level":"info","message":"📞 Cleaned up 0 stuck calls.","timestamp":"2026-04-14 20:05:07"}
{"level":"info","message":"🚀 Server is running on port 5000","timestamp":"2026-04-14 20:05:08"}
{"level":"info","message":"🌍 Mode: production","timestamp":"2026-04-15 22:59:24"}
{"level":"info","message":"✅ Environment Variables Validated","timestamp":"2026-04-15 22:59:24"}
{"level":"info","message":"🔥 Firebase Admin Initialized Successfully","timestamp":"2026-04-15 22:59:25"}
{"level":"info","message":"⏳ Attempting to connect to MongoDB...","timestamp":"2026-04-15 22:59:26"}
{"level":"info","message":"✅ Connected to MongoDB Successfully!","timestamp":"2026-04-15 22:59:33"}
{"level":"info","message":"📞 Cleaned up 0 stuck calls.","timestamp":"2026-04-15 22:59:36"}
{"level":"info","message":"🚀 Server is running on port 5000","timestamp":"2026-04-15 22:59:36"}
{"level":"info","message":"\n⚠️ SIGINT received. Initiating graceful shutdown...","timestamp":"2026-04-15 22:59:45"}
{"level":"info","message":"🌍 Mode: production","timestamp":"2026-04-17 03:55:36"}
{"level":"info","message":"✅ Environment Variables Validated","timestamp":"2026-04-17 03:55:36"}
{"level":"info","message":"🔥 Firebase Admin Initialized Successfully","timestamp":"2026-04-17 03:55:37"}
{"level":"info","message":"⏳ Attempting to connect to MongoDB...","timestamp":"2026-04-17 03:55:37"}
{"level":"info","message":"✅ Connected to MongoDB Successfully!","timestamp":"2026-04-17 03:55:43"}
{"level":"info","message":"📞 Cleaned up 0 stuck calls.","timestamp":"2026-04-17 03:55:45"}
{"level":"info","message":"🚀 Server is running on port 5000","timestamp":"2026-04-17 03:55:45"}
{"level":"info","message":"\n⚠️ SIGINT received. Initiating graceful shutdown...","timestamp":"2026-04-17 03:55:50"}
{"level":"info","message":"🌍 Mode: production","timestamp":"2026-04-17 20:04:54"}
{"level":"info","message":"✅ Environment Variables Validated","timestamp":"2026-04-17 20:04:54"}
{"level":"info","message":"🔥 Firebase Admin Initialized Successfully","timestamp":"2026-04-17 20:04:55"}
{"level":"info","message":"⏳ Attempting to connect to MongoDB...","timestamp":"2026-04-17 20:04:56"}
{"level":"info","message":"✅ Connected to MongoDB Successfully!","timestamp":"2026-04-17 20:05:02"}
{"level":"info","message":"📞 Cleaned up 0 stuck calls.","timestamp":"2026-04-17 20:05:08"}
{"level":"info","message":"🚀 Server is running on port 5000","timestamp":"2026-04-17 20:05:08"}
{"level":"info","message":"\n⚠️ SIGINT received. Initiating graceful shutdown...","timestamp":"2026-04-17 20:05:12"}
{"level":"info","message":"🌍 Mode: production","timestamp":"2026-04-17 23:55:32"}
{"level":"info","message":"✅ Environment Variables Validated","timestamp":"2026-04-17 23:55:32"}
{"level":"info","message":"🔥 Firebase Admin Initialized Successfully","timestamp":"2026-04-17 23:55:33"}
{"level":"info","message":"⏳ Attempting to connect to MongoDB...","timestamp":"2026-04-17 23:55:33"}
{"level":"info","message":"✅ Connected to MongoDB Successfully!","timestamp":"2026-04-17 23:55:39"}
{"level":"info","message":"📞 Cleaned up 0 stuck calls.","timestamp":"2026-04-17 23:55:43"}
{"level":"info","message":"🚀 Server is running on port 5000","timestamp":"2026-04-17 23:55:43"}
{"level":"info","message":"🌍 Mode: production","timestamp":"2026-04-18 00:09:20"}
{"level":"info","message":"✅ Environment Variables Validated","timestamp":"2026-04-18 00:09:20"}
{"level":"info","message":"🔥 Firebase Admin Initialized Successfully","timestamp":"2026-04-18 00:09:21"}
{"level":"info","message":"⏳ Attempting to connect to MongoDB...","timestamp":"2026-04-18 00:09:22"}
{"level":"info","message":"✅ Connected to MongoDB Successfully!","timestamp":"2026-04-18 00:09:24"}
{"level":"info","message":"📞 Cleaned up 0 stuck calls.","timestamp":"2026-04-18 00:09:26"}
{"level":"info","message":"🚀 Server is running on port 5000","timestamp":"2026-04-18 00:09:26"}
{"level":"info","message":"\n⚠️ SIGINT received. Initiating graceful shutdown...","timestamp":"2026-04-18 00:09:28"}
{"level":"info","message":"🌍 Mode: production","timestamp":"2026-04-18 00:52:49"}
{"level":"info","message":"✅ Environment Variables Validated","timestamp":"2026-04-18 00:52:49"}
{"level":"info","message":"🔥 Firebase Admin Initialized Successfully","timestamp":"2026-04-18 00:52:50"}
{"level":"info","message":"⏳ Attempting to connect to MongoDB...","timestamp":"2026-04-18 00:52:50"}
{"level":"info","message":"✅ Connected to MongoDB Successfully!","timestamp":"2026-04-18 00:52:52"}
{"level":"info","message":"📞 Cleaned up 0 stuck calls.","timestamp":"2026-04-18 00:52:54"}
{"level":"info","message":"🚀 Server is running on port 5000","timestamp":"2026-04-18 00:52:54"}
{"level":"info","message":"🌍 Mode: production","timestamp":"2026-04-18 01:59:08"}
{"level":"info","message":"✅ Environment Variables Validated","timestamp":"2026-04-18 01:59:08"}
{"level":"info","message":"🔥 Firebase Admin Initialized Successfully","timestamp":"2026-04-18 01:59:12"}
{"level":"info","message":"⏳ Attempting to connect to MongoDB...","timestamp":"2026-04-18 01:59:12"}
{"level":"info","message":"✅ Connected to MongoDB Successfully!","timestamp":"2026-04-18 01:59:15"}
{"level":"info","message":"📞 Cleaned up 0 stuck calls.","timestamp":"2026-04-18 01:59:17"}
{"level":"info","message":"🚀 Server is running on port 5000","timestamp":"2026-04-18 01:59:17"}
{"level":"info","message":"🌍 Mode: production","timestamp":"2026-04-18 02:04:32"}
{"level":"info","message":"✅ Environment Variables Validated","timestamp":"2026-04-18 02:04:32"}
{"level":"info","message":"🔥 Firebase Admin Initialized Successfully","timestamp":"2026-04-18 02:04:33"}
{"level":"info","message":"⏳ Attempting to connect to MongoDB...","timestamp":"2026-04-18 02:04:33"}
{"level":"info","message":"✅ Connected to MongoDB Successfully!","timestamp":"2026-04-18 02:04:42"}
{"level":"info","message":"📞 Cleaned up 0 stuck calls.","timestamp":"2026-04-18 02:04:45"}
{"level":"info","message":"🚀 Server is running on port 5000","timestamp":"2026-04-18 02:04:45"}
{"level":"info","message":"\n⚠️ SIGINT received. Initiating graceful shutdown...","timestamp":"2026-04-18 02:48:52"}
{"level":"info","message":"🌍 Mode: production","timestamp":"2026-04-19 09:38:24"}
{"level":"info","message":"✅ Environment Variables Validated","timestamp":"2026-04-19 09:38:24"}
{"level":"info","message":"🔥 Firebase Admin Initialized Successfully","timestamp":"2026-04-19 09:38:26"}
{"level":"info","message":"⏳ Attempting to connect to MongoDB...","timestamp":"2026-04-19 09:38:26"}
{"level":"info","message":"✅ Connected to MongoDB Successfully!","timestamp":"2026-04-19 09:38:28"}
{"level":"info","message":"📞 Cleaned up 0 stuck calls.","timestamp":"2026-04-19 09:38:30"}
{"level":"info","message":"🚀 Server is running on port 5000","timestamp":"2026-04-19 09:38:30"}
{"level":"info","message":"🌍 Mode: production","timestamp":"2026-04-19 09:40:34"}
{"level":"info","message":"✅ Environment Variables Validated","timestamp":"2026-04-19 09:40:34"}
{"level":"info","message":"🔥 Firebase Admin Initialized Successfully","timestamp":"2026-04-19 09:40:35"}
{"level":"info","message":"⏳ Attempting to connect to MongoDB...","timestamp":"2026-04-19 09:40:35"}
{"level":"info","message":"✅ Connected to MongoDB Successfully!","timestamp":"2026-04-19 09:40:38"}
{"level":"info","message":"📞 Cleaned up 0 stuck calls.","timestamp":"2026-04-19 09:40:39"}
{"level":"info","message":"🚀 Server is running on port 5000","timestamp":"2026-04-19 09:40:39"}
{"level":"info","message":"\n⚠️ SIGINT received. Initiating graceful shutdown...","timestamp":"2026-04-19 09:40:42"}
{"level":"info","message":"🌍 Mode: production","timestamp":"2026-04-21 02:39:37"}
{"level":"info","message":"✅ Environment Variables Validated","timestamp":"2026-04-21 02:39:37"}
{"level":"info","message":"🔥 Firebase Admin Initialized Successfully","timestamp":"2026-04-21 02:39:39"}
{"level":"info","message":"⏳ Attempting to connect to MongoDB...","timestamp":"2026-04-21 02:39:40"}
{"level":"info","message":"✅ Connected to MongoDB Successfully!","timestamp":"2026-04-21 02:39:45"}
{"level":"info","message":"📞 Cleaned up 0 stuck calls.","timestamp":"2026-04-21 02:39:46"}
{"level":"info","message":"🚀 Server is running on port 5000","timestamp":"2026-04-21 02:39:46"}
{"level":"info","message":"\n⚠️ SIGINT received. Initiating graceful shutdown...","timestamp":"2026-04-21 02:40:49"}
{"level":"info","message":"🌍 Mode: production","timestamp":"2026-04-24 10:07:08"}
{"level":"info","message":"🌍 Mode: production","timestamp":"2026-04-24 10:09:15"}
{"level":"info","message":"✅ Environment Variables Validated","timestamp":"2026-04-24 10:09:15"}
{"level":"info","message":"🔥 Firebase Admin Initialized Successfully","timestamp":"2026-04-24 10:09:16"}
{"level":"info","message":"⏳ Attempting to connect to MongoDB...","timestamp":"2026-04-24 10:09:17"}
{"level":"info","message":"\n⚠️ SIGINT received. Initiating graceful shutdown...","timestamp":"2026-04-24 10:09:20"}
{"level":"info","message":"🌍 Mode: production","timestamp":"2026-04-24 14:48:05"}
{"level":"info","message":"✅ Environment Variables Validated","timestamp":"2026-04-24 14:48:05"}
{"level":"info","message":"🔥 Firebase Admin Initialized Successfully","timestamp":"2026-04-24 14:48:06"}
{"level":"info","message":"⏳ Attempting to connect to MongoDB...","timestamp":"2026-04-24 14:48:07"}
{"level":"info","message":"✅ Connected to MongoDB Successfully!","timestamp":"2026-04-24 14:48:09"}
{"level":"info","message":"📞 Cleaned up 0 stuck calls.","timestamp":"2026-04-24 14:48:11"}
{"level":"info","message":"🚀 Server is running on port 5000","timestamp":"2026-04-24 14:48:11"}
{"level":"info","message":"\n⚠️ SIGINT received. Initiating graceful shutdown...","timestamp":"2026-04-24 14:48:22"}
{"level":"info","message":"🌍 Mode: production","timestamp":"2026-04-26 03:14:24"}
{"level":"info","message":"✅ Environment Variables Validated","timestamp":"2026-04-26 03:14:24"}
{"level":"info","message":"🔥 Firebase Admin Initialized Successfully","timestamp":"2026-04-26 03:14:25"}
{"level":"info","message":"⏳ Attempting to connect to MongoDB...","timestamp":"2026-04-26 03:14:26"}
{"cause":{"commonWireVersion":0,"compatible":true,"heartbeatFrequencyMS":10000,"localThresholdMS":15,"logicalSessionTimeoutMinutes":null,"maxElectionId":null,"maxSetVersion":null,"servers":{"ac-exqiggc-shard-00-00.mrowpyh.mongodb.net:27017":{"$clusterTime":null,"address":"ac-exqiggc-shard-00-00.mrowpyh.mongodb.net:27017","arbiters":[],"electionId":null,"error":{"beforeHandshake":false,"errorLabelSet":{}},"hosts":[],"iscryptd":false,"lastUpdateTime":29425,"lastWriteDate":0,"logicalSessionTimeoutMinutes":null,"maxBsonObjectSize":null,"maxMessageSizeBytes":null,"maxWireVersion":0,"maxWriteBatchSize":null,"me":null,"minRoundTripTime":0,"minWireVersion":0,"passives":[],"primary":null,"roundTripTime":-1,"setName":null,"setVersion":null,"tags":{},"topologyVersion":null,"type":"Unknown"},"ac-exqiggc-shard-00-01.mrowpyh.mongodb.net:27017":{"$clusterTime":null,"address":"ac-exqiggc-shard-00-01.mrowpyh.mongodb.net:27017","arbiters":[],"electionId":null,"error":{"beforeHandshake":false,"errorLabelSet":{}},"hosts":[],"iscryptd":false,"lastUpdateTime":29336,"lastWriteDate":0,"logicalSessionTimeoutMinutes":null,"maxBsonObjectSize":null,"maxMessageSizeBytes":null,"maxWireVersion":0,"maxWriteBatchSize":null,"me":null,"minRoundTripTime":0,"minWireVersion":0,"passives":[],"primary":null,"roundTripTime":-1,"setName":null,"setVersion":null,"tags":{},"topologyVersion":null,"type":"Unknown"},"ac-exqiggc-shard-00-02.mrowpyh.mongodb.net:27017":{"$clusterTime":null,"address":"ac-exqiggc-shard-00-02.mrowpyh.mongodb.net:27017","arbiters":[],"electionId":null,"error":{"beforeHandshake":false,"errorLabelSet":{}},"hosts":[],"iscryptd":false,"lastUpdateTime":29455,"lastWriteDate":0,"logicalSessionTimeoutMinutes":null,"maxBsonObjectSize":null,"maxMessageSizeBytes":null,"maxWireVersion":0,"maxWriteBatchSize":null,"me":null,"minRoundTripTime":0,"minWireVersion":0,"passives":[],"primary":null,"roundTripTime":-1,"setName":null,"setVersion":null,"tags":{},"topologyVersion":null,"type":"Unknown"}},"setName":"atlas-awxts0-shard-0","stale":false,"type":"ReplicaSetNoPrimary"},"errorLabelSet":{},"level":"error","message":"❌ Database Connection Failed: Could not connect to any servers in your MongoDB Atlas cluster. One common reason is that you're trying to access the database from an IP that isn't whitelisted. Make sure your current IP address is on your Atlas cluster's IP whitelist: https://www.mongodb.com/docs/atlas/security-whitelist/","reason":{"commonWireVersion":0,"compatible":true,"heartbeatFrequencyMS":10000,"localThresholdMS":15,"logicalSessionTimeoutMinutes":null,"maxElectionId":null,"maxSetVersion":null,"servers":{"ac-exqiggc-shard-00-00.mrowpyh.mongodb.net:27017":{"$clusterTime":null,"address":"ac-exqiggc-shard-00-00.mrowpyh.mongodb.net:27017","arbiters":[],"electionId":null,"error":{"beforeHandshake":false,"errorLabelSet":{}},"hosts":[],"iscryptd":false,"lastUpdateTime":29425,"lastWriteDate":0,"logicalSessionTimeoutMinutes":null,"maxBsonObjectSize":null,"maxMessageSizeBytes":null,"maxWireVersion":0,"maxWriteBatchSize":null,"me":null,"minRoundTripTime":0,"minWireVersion":0,"passives":[],"primary":null,"roundTripTime":-1,"setName":null,"setVersion":null,"tags":{},"topologyVersion":null,"type":"Unknown"},"ac-exqiggc-shard-00-01.mrowpyh.mongodb.net:27017":{"$clusterTime":null,"address":"ac-exqiggc-shard-00-01.mrowpyh.mongodb.net:27017","arbiters":[],"electionId":null,"error":{"beforeHandshake":false,"errorLabelSet":{}},"hosts":[],"iscryptd":false,"lastUpdateTime":29336,"lastWriteDate":0,"logicalSessionTimeoutMinutes":null,"maxBsonObjectSize":null,"maxMessageSizeBytes":null,"maxWireVersion":0,"maxWriteBatchSize":null,"me":null,"minRoundTripTime":0,"minWireVersion":0,"passives":[],"primary":null,"roundTripTime":-1,"setName":null,"setVersion":null,"tags":{},"topologyVersion":null,"type":"Unknown"},"ac-exqiggc-shard-00-02.mrowpyh.mongodb.net:27017":{"$clusterTime":null,"address":"ac-exqiggc-shard-00-02.mrowpyh.mongodb.net:27017","arbiters":[],"electionId":null,"error":{"beforeHandshake":false,"errorLabelSet":{}},"hosts":[],"iscryptd":false,"lastUpdateTime":29455,"lastWriteDate":0,"logicalSessionTimeoutMinutes":null,"maxBsonObjectSize":null,"maxMessageSizeBytes":null,"maxWireVersion":0,"maxWriteBatchSize":null,"me":null,"minRoundTripTime":0,"minWireVersion":0,"passives":[],"primary":null,"roundTripTime":-1,"setName":null,"setVersion":null,"tags":{},"topologyVersion":null,"type":"Unknown"}},"setName":"atlas-awxts0-shard-0","stale":false,"type":"ReplicaSetNoPrimary"},"stack":"MongooseServerSelectionError: Could not connect to any servers in your MongoDB Atlas cluster. One common reason is that you're trying to access the database from an IP that isn't whitelisted. Make sure your current IP address is on your Atlas cluster's IP whitelist: https://www.mongodb.com/docs/atlas/security-whitelist/\n    at _handleConnectionErrors (C:\\Users\\SAMUEL\\Desktop\\ASCON Alumni\\backend\\node_modules\\mongoose\\lib\\connection.js:1180:11)\n    at NativeConnection.openUri (C:\\Users\\SAMUEL\\Desktop\\ASCON Alumni\\backend\\node_modules\\mongoose\\lib\\connection.js:1111:11)","timestamp":"2026-04-26 03:14:56"}
{"level":"info","message":"🌍 Mode: production","timestamp":"2026-04-26 03:17:50"}
{"level":"info","message":"✅ Environment Variables Validated","timestamp":"2026-04-26 03:17:50"}
{"level":"info","message":"🔥 Firebase Admin Initialized Successfully","timestamp":"2026-04-26 03:17:51"}
{"level":"info","message":"⏳ Attempting to connect to MongoDB...","timestamp":"2026-04-26 03:17:51"}
{"level":"info","message":"✅ Connected to MongoDB Successfully!","timestamp":"2026-04-26 03:17:53"}
{"level":"info","message":"\n⚠️ SIGINT received. Initiating graceful shutdown...","timestamp":"2026-04-26 03:17:58"}
{"level":"info","message":"🛑 HTTP server stopped accepting new requests.","timestamp":"2026-04-26 03:17:58"}
{"level":"info","message":"🛑 Socket.io server closed.","timestamp":"2026-04-26 03:17:58"}
{"level":"info","message":"🌍 Mode: production","timestamp":"2026-04-27 06:09:33"}
{"level":"info","message":"✅ Environment Variables Validated","timestamp":"2026-04-27 06:09:33"}
{"level":"info","message":"🔥 Firebase Admin Initialized Successfully","timestamp":"2026-04-27 06:09:34"}
{"level":"info","message":"⏳ Attempting to connect to MongoDB...","timestamp":"2026-04-27 06:09:35"}
{"level":"info","message":"✅ Connected to MongoDB Successfully!","timestamp":"2026-04-27 06:09:38"}
{"level":"info","message":"📞 Cleaned up 0 stuck calls.","timestamp":"2026-04-27 06:09:40"}
{"level":"info","message":"🚀 Server is running on port 5000","timestamp":"2026-04-27 06:09:40"}
{"level":"info","message":"🌍 Mode: production","timestamp":"2026-04-27 06:15:28"}
{"level":"info","message":"✅ Environment Variables Validated","timestamp":"2026-04-27 06:15:28"}
{"level":"info","message":"🔥 Firebase Admin Initialized Successfully","timestamp":"2026-04-27 06:15:28"}
{"level":"info","message":"⏳ Attempting to connect to MongoDB...","timestamp":"2026-04-27 06:15:29"}
{"level":"info","message":"✅ Connected to MongoDB Successfully!","timestamp":"2026-04-27 06:15:31"}
{"level":"info","message":"📞 Cleaned up 0 stuck calls.","timestamp":"2026-04-27 06:15:33"}
{"level":"info","message":"🚀 Server is running on port 5000","timestamp":"2026-04-27 06:15:33"}
{"level":"info","message":"🌍 Mode: production","timestamp":"2026-04-27 06:15:42"}
{"level":"info","message":"✅ Environment Variables Validated","timestamp":"2026-04-27 06:15:42"}
{"level":"info","message":"🔥 Firebase Admin Initialized Successfully","timestamp":"2026-04-27 06:15:43"}
{"level":"info","message":"⏳ Attempting to connect to MongoDB...","timestamp":"2026-04-27 06:15:43"}
{"level":"info","message":"✅ Connected to MongoDB Successfully!","timestamp":"2026-04-27 06:15:45"}
{"level":"info","message":"📞 Cleaned up 0 stuck calls.","timestamp":"2026-04-27 06:15:47"}
{"level":"info","message":"🚀 Server is running on port 5000","timestamp":"2026-04-27 06:15:47"}
{"level":"info","message":"\n⚠️ SIGINT received. Initiating graceful shutdown...","timestamp":"2026-04-27 06:15:55"}
{"level":"info","message":"🌍 Mode: production","timestamp":"2026-04-28 15:22:08"}
{"level":"info","message":"✅ Environment Variables Validated","timestamp":"2026-04-28 15:22:08"}
{"level":"info","message":"🔥 Firebase Admin Initialized Successfully","timestamp":"2026-04-28 15:22:12"}
{"level":"info","message":"⏳ Attempting to connect to MongoDB...","timestamp":"2026-04-28 15:22:13"}
{"level":"info","message":"✅ Connected to MongoDB Successfully!","timestamp":"2026-04-28 15:22:29"}
{"level":"info","message":"📞 Cleaned up 0 stuck calls.","timestamp":"2026-04-28 15:22:32"}
{"level":"info","message":"🚀 Server is running on port 5000","timestamp":"2026-04-28 15:22:32"}
{"level":"info","message":"🌍 Mode: production","timestamp":"2026-05-10 15:48:21"}
{"level":"info","message":"✅ Environment Variables Validated","timestamp":"2026-05-10 15:48:21"}
{"level":"info","message":"🔥 Firebase Admin Initialized Successfully","timestamp":"2026-05-10 15:48:22"}
{"level":"info","message":"⏳ Attempting to connect to MongoDB...","timestamp":"2026-05-10 15:48:23"}
{"level":"info","message":"✅ Connected to MongoDB Successfully!","timestamp":"2026-05-10 15:48:30"}
{"level":"info","message":"📞 Cleaned up 0 stuck calls.","timestamp":"2026-05-10 15:48:32"}
{"level":"info","message":"🚀 Server is running on port 5000","timestamp":"2026-05-10 15:48:32"}
{"level":"info","message":"🌍 Mode: production","timestamp":"2026-05-10 16:11:17"}
{"level":"info","message":"✅ Environment Variables Validated","timestamp":"2026-05-10 16:11:17"}
{"level":"info","message":"🔥 Firebase Admin Initialized Successfully","timestamp":"2026-05-10 16:11:18"}
{"level":"info","message":"⏳ Attempting to connect to MongoDB...","timestamp":"2026-05-10 16:11:19"}
{"level":"info","message":"✅ Connected to MongoDB Successfully!","timestamp":"2026-05-10 16:11:21"}
{"level":"info","message":"📞 Cleaned up 0 stuck calls.","timestamp":"2026-05-10 16:11:23"}
{"level":"info","message":"🚀 Server is running on port 5000","timestamp":"2026-05-10 16:11:23"}
{"level":"info","message":"🌍 Mode: production","timestamp":"2026-05-10 16:22:13"}
{"level":"info","message":"✅ Environment Variables Validated","timestamp":"2026-05-10 16:22:13"}
{"level":"info","message":"🔥 Firebase Admin Initialized Successfully","timestamp":"2026-05-10 16:22:13"}
{"level":"info","message":"⏳ Attempting to connect to MongoDB...","timestamp":"2026-05-10 16:22:14"}
{"level":"info","message":"✅ Connected to MongoDB Successfully!","timestamp":"2026-05-10 16:22:16"}
{"level":"info","message":"📞 Cleaned up 0 stuck calls.","timestamp":"2026-05-10 16:22:17"}
{"level":"info","message":"🚀 Server is running on port 5000","timestamp":"2026-05-10 16:22:17"}
{"level":"info","message":"\n⚠️ SIGINT received. Initiating graceful shutdown...","timestamp":"2026-05-10 16:32:49"}
{"level":"info","message":"🌍 Mode: production","timestamp":"2026-05-10 16:40:36"}
{"level":"info","message":"✅ Environment Variables Validated","timestamp":"2026-05-10 16:40:36"}
{"level":"info","message":"🔥 Firebase Admin Initialized Successfully","timestamp":"2026-05-10 16:40:36"}
{"level":"info","message":"⏳ Attempting to connect to MongoDB...","timestamp":"2026-05-10 16:40:37"}
{"level":"info","message":"✅ Connected to MongoDB Successfully!","timestamp":"2026-05-10 16:40:44"}
{"level":"info","message":"📞 Cleaned up 0 stuck calls.","timestamp":"2026-05-10 16:40:46"}
{"level":"info","message":"🚀 Server is running on port 5000","timestamp":"2026-05-10 16:40:46"}
{"level":"info","message":"🌍 Mode: production","timestamp":"2026-05-10 23:29:04"}
{"level":"info","message":"✅ Environment Variables Validated","timestamp":"2026-05-10 23:29:04"}
{"level":"info","message":"🔥 Firebase Admin Initialized Successfully","timestamp":"2026-05-10 23:29:05"}
{"level":"info","message":"⏳ Attempting to connect to MongoDB...","timestamp":"2026-05-10 23:29:06"}
{"level":"info","message":"✅ Connected to MongoDB Successfully!","timestamp":"2026-05-10 23:29:12"}
{"level":"info","message":"📞 Cleaned up 0 stuck calls.","timestamp":"2026-05-10 23:29:15"}
{"level":"info","message":"🚀 Server is running on port 5000","timestamp":"2026-05-10 23:29:15"}
{"level":"info","message":"🌍 Mode: production","timestamp":"2026-05-10 23:42:43"}
{"level":"info","message":"✅ Environment Variables Validated","timestamp":"2026-05-10 23:42:43"}
{"level":"info","message":"🔥 Firebase Admin Initialized Successfully","timestamp":"2026-05-10 23:42:45"}
{"level":"info","message":"⏳ Attempting to connect to MongoDB...","timestamp":"2026-05-10 23:42:46"}
{"level":"info","message":"✅ Connected to MongoDB Successfully!","timestamp":"2026-05-10 23:42:49"}
{"level":"info","message":"🚀 Server is running on port 5000","timestamp":"2026-05-10 23:42:50"}
{"level":"info","message":"🌍 Mode: production","timestamp":"2026-05-10 23:43:01"}
{"level":"info","message":"✅ Environment Variables Validated","timestamp":"2026-05-10 23:43:01"}
{"level":"info","message":"🔥 Firebase Admin Initialized Successfully","timestamp":"2026-05-10 23:43:01"}
{"level":"info","message":"⏳ Attempting to connect to MongoDB...","timestamp":"2026-05-10 23:43:02"}
{"level":"info","message":"✅ Connected to MongoDB Successfully!","timestamp":"2026-05-10 23:43:04"}
{"level":"info","message":"🚀 Server is running on port 5000","timestamp":"2026-05-10 23:43:04"}
{"level":"info","message":"🌍 Mode: production","timestamp":"2026-05-10 23:46:34"}
{"level":"info","message":"✅ Environment Variables Validated","timestamp":"2026-05-10 23:46:34"}
{"level":"info","message":"🔥 Firebase Admin Initialized Successfully","timestamp":"2026-05-10 23:46:34"}
{"level":"info","message":"⏳ Attempting to connect to MongoDB...","timestamp":"2026-05-10 23:46:34"}
{"level":"info","message":"✅ Connected to MongoDB Successfully!","timestamp":"2026-05-10 23:46:37"}
{"level":"info","message":"🚀 Server is running on port 5000","timestamp":"2026-05-10 23:46:37"}
{"level":"info","message":"🌍 Mode: production","timestamp":"2026-05-11 00:15:18"}
{"level":"info","message":"✅ Environment Variables Validated","timestamp":"2026-05-11 00:15:18"}
{"level":"info","message":"🔥 Firebase Admin Initialized Successfully","timestamp":"2026-05-11 00:15:19"}
{"level":"info","message":"⏳ Attempting to connect to MongoDB...","timestamp":"2026-05-11 00:15:20"}
{"level":"info","message":"✅ Connected to MongoDB Successfully!","timestamp":"2026-05-11 00:15:32"}
{"level":"info","message":"🚀 Server is running on port 5000","timestamp":"2026-05-11 00:15:32"}
{"level":"info","message":"🌍 Mode: production","timestamp":"2026-05-11 00:24:42"}
{"level":"info","message":"✅ Environment Variables Validated","timestamp":"2026-05-11 00:24:42"}
{"level":"info","message":"🔥 Firebase Admin Initialized Successfully","timestamp":"2026-05-11 00:24:42"}
{"level":"info","message":"⏳ Attempting to connect to MongoDB...","timestamp":"2026-05-11 00:24:42"}
{"level":"info","message":"✅ Connected to MongoDB Successfully!","timestamp":"2026-05-11 00:24:45"}
{"level":"info","message":"🚀 Server is running on port 5000","timestamp":"2026-05-11 00:24:45"}
{"level":"info","message":"\n⚠️ SIGINT received. Initiating graceful shutdown...","timestamp":"2026-05-11 00:24:50"}
{"level":"info","message":"🌍 Mode: production","timestamp":"2026-05-11 01:15:23"}
{"level":"info","message":"✅ Environment Variables Validated","timestamp":"2026-05-11 01:15:23"}
{"level":"info","message":"🔥 Firebase Admin Initialized Successfully","timestamp":"2026-05-11 01:15:24"}
{"level":"info","message":"⏳ Attempting to connect to MongoDB...","timestamp":"2026-05-11 01:15:25"}
{"level":"info","message":"✅ Connected to MongoDB Successfully!","timestamp":"2026-05-11 01:15:27"}
{"level":"info","message":"🚀 Server is running on port 5000","timestamp":"2026-05-11 01:15:27"}
{"level":"info","message":"🌍 Mode: production","timestamp":"2026-05-11 02:29:50"}
{"level":"info","message":"✅ Environment Variables Validated","timestamp":"2026-05-11 02:29:50"}
{"level":"info","message":"🔥 Firebase Admin Initialized Successfully","timestamp":"2026-05-11 02:29:52"}
{"level":"info","message":"⏳ Attempting to connect to MongoDB...","timestamp":"2026-05-11 02:29:53"}
{"level":"info","message":"✅ Connected to MongoDB Successfully!","timestamp":"2026-05-11 02:29:56"}
{"level":"info","message":"🚀 Server is running on port 5000","timestamp":"2026-05-11 02:29:56"}
{"level":"info","message":"\n⚠️ SIGINT received. Initiating graceful shutdown...","timestamp":"2026-05-11 02:30:40"}
{"level":"info","message":"🌍 Mode: production","timestamp":"2026-05-11 03:30:30"}
{"level":"info","message":"✅ Environment Variables Validated","timestamp":"2026-05-11 03:30:30"}
{"level":"info","message":"🔥 Firebase Admin Initialized Successfully","timestamp":"2026-05-11 03:30:32"}
{"level":"info","message":"⏳ Attempting to connect to MongoDB...","timestamp":"2026-05-11 03:30:32"}
{"level":"info","message":"✅ Connected to MongoDB Successfully!","timestamp":"2026-05-11 03:30:35"}
{"level":"info","message":"🚀 Server is running on port 5000","timestamp":"2026-05-11 03:30:35"}
{"level":"info","message":"\n⚠️ SIGINT received. Initiating graceful shutdown...","timestamp":"2026-05-11 03:30:38"}
{"level":"info","message":"🌍 Mode: production","timestamp":"2026-05-11 03:59:24"}
{"level":"info","message":"✅ Environment Variables Validated","timestamp":"2026-05-11 03:59:24"}
{"level":"info","message":"🔥 Firebase Admin Initialized Successfully","timestamp":"2026-05-11 03:59:25"}
{"level":"info","message":"⏳ Attempting to connect to MongoDB...","timestamp":"2026-05-11 03:59:26"}
{"level":"info","message":"✅ Connected to MongoDB Successfully!","timestamp":"2026-05-11 03:59:28"}
{"level":"info","message":"🚀 Server is running on port 5000","timestamp":"2026-05-11 03:59:29"}
{"level":"info","message":"🌍 Mode: production","timestamp":"2026-05-11 03:59:44"}
{"level":"info","message":"✅ Environment Variables Validated","timestamp":"2026-05-11 03:59:44"}
{"level":"info","message":"🔥 Firebase Admin Initialized Successfully","timestamp":"2026-05-11 03:59:45"}
{"level":"info","message":"⏳ Attempting to connect to MongoDB...","timestamp":"2026-05-11 03:59:46"}
{"level":"info","message":"✅ Connected to MongoDB Successfully!","timestamp":"2026-05-11 03:59:48"}
{"level":"info","message":"🚀 Server is running on port 5000","timestamp":"2026-05-11 03:59:48"}
{"level":"info","message":"🌍 Mode: production","timestamp":"2026-05-11 03:59:55"}
{"level":"info","message":"✅ Environment Variables Validated","timestamp":"2026-05-11 03:59:55"}
{"level":"info","message":"🔥 Firebase Admin Initialized Successfully","timestamp":"2026-05-11 03:59:56"}
{"level":"info","message":"⏳ Attempting to connect to MongoDB...","timestamp":"2026-05-11 03:59:56"}
{"level":"info","message":"✅ Connected to MongoDB Successfully!","timestamp":"2026-05-11 04:00:00"}
{"level":"info","message":"🚀 Server is running on port 5000","timestamp":"2026-05-11 04:00:00"}
{"level":"info","message":"🌍 Mode: production","timestamp":"2026-05-11 04:00:53"}
{"level":"info","message":"🌍 Mode: production","timestamp":"2026-05-11 04:01:13"}
{"level":"info","message":"✅ Environment Variables Validated","timestamp":"2026-05-11 04:01:13"}
{"level":"info","message":"🔥 Firebase Admin Initialized Successfully","timestamp":"2026-05-11 04:01:13"}
{"level":"info","message":"⏳ Attempting to connect to MongoDB...","timestamp":"2026-05-11 04:01:14"}
{"level":"info","message":"✅ Connected to MongoDB Successfully!","timestamp":"2026-05-11 04:01:16"}
{"level":"info","message":"🚀 Server is running on port 5000","timestamp":"2026-05-11 04:01:17"}
{"level":"info","message":"🌍 Mode: production","timestamp":"2026-05-11 04:01:50"}
{"level":"info","message":"✅ Environment Variables Validated","timestamp":"2026-05-11 04:01:50"}
{"level":"info","message":"🔥 Firebase Admin Initialized Successfully","timestamp":"2026-05-11 04:01:50"}
{"level":"info","message":"⏳ Attempting to connect to MongoDB...","timestamp":"2026-05-11 04:01:51"}
{"level":"info","message":"✅ Connected to MongoDB Successfully!","timestamp":"2026-05-11 04:01:53"}
{"level":"info","message":"🚀 Server is running on port 5000","timestamp":"2026-05-11 04:01:53"}
{"level":"info","message":"🌍 Mode: production","timestamp":"2026-05-11 04:02:32"}
{"level":"info","message":"✅ Environment Variables Validated","timestamp":"2026-05-11 04:02:32"}
{"level":"info","message":"🔥 Firebase Admin Initialized Successfully","timestamp":"2026-05-11 04:02:32"}
{"level":"info","message":"⏳ Attempting to connect to MongoDB...","timestamp":"2026-05-11 04:02:32"}
{"level":"info","message":"✅ Connected to MongoDB Successfully!","timestamp":"2026-05-11 04:02:34"}
{"level":"info","message":"🚀 Server is running on port 5000","timestamp":"2026-05-11 04:02:35"}
{"level":"info","message":"🌍 Mode: production","timestamp":"2026-05-11 04:02:44"}
{"level":"info","message":"✅ Environment Variables Validated","timestamp":"2026-05-11 04:02:44"}
{"level":"info","message":"🔥 Firebase Admin Initialized Successfully","timestamp":"2026-05-11 04:02:44"}
{"level":"info","message":"⏳ Attempting to connect to MongoDB...","timestamp":"2026-05-11 04:02:45"}
{"level":"info","message":"✅ Connected to MongoDB Successfully!","timestamp":"2026-05-11 04:02:47"}
{"level":"info","message":"🚀 Server is running on port 5000","timestamp":"2026-05-11 04:02:47"}
{"level":"info","message":"🌍 Mode: production","timestamp":"2026-05-11 04:03:18"}
{"level":"info","message":"✅ Environment Variables Validated","timestamp":"2026-05-11 04:03:18"}
{"level":"info","message":"🔥 Firebase Admin Initialized Successfully","timestamp":"2026-05-11 04:03:18"}
{"level":"info","message":"⏳ Attempting to connect to MongoDB...","timestamp":"2026-05-11 04:03:19"}
{"level":"info","message":"✅ Connected to MongoDB Successfully!","timestamp":"2026-05-11 04:03:21"}
{"level":"info","message":"🚀 Server is running on port 5000","timestamp":"2026-05-11 04:03:21"}
{"level":"info","message":"\n⚠️ SIGINT received. Initiating graceful shutdown...","timestamp":"2026-05-11 04:04:16"}
{"level":"info","message":"🌍 Mode: production","timestamp":"2026-05-11 05:58:42"}
{"level":"info","message":"✅ Environment Variables Validated","timestamp":"2026-05-11 05:58:42"}
{"level":"info","message":"🔥 Firebase Admin Initialized Successfully","timestamp":"2026-05-11 05:58:43"}
{"level":"info","message":"⏳ Attempting to connect to MongoDB...","timestamp":"2026-05-11 05:58:44"}
{"level":"info","message":"✅ Connected to MongoDB Successfully!","timestamp":"2026-05-11 05:58:47"}
{"level":"info","message":"🚀 Server is running on port 5000","timestamp":"2026-05-11 05:58:47"}
{"level":"info","message":"🌍 Mode: production","timestamp":"2026-05-11 16:31:01"}
{"level":"info","message":"✅ Environment Variables Validated","timestamp":"2026-05-11 16:31:01"}
{"level":"info","message":"🔥 Firebase Admin Initialized Successfully","timestamp":"2026-05-11 16:31:01"}
{"level":"info","message":"⏳ Attempting to connect to MongoDB...","timestamp":"2026-05-11 16:31:02"}
{"level":"info","message":"✅ Connected to MongoDB Successfully!","timestamp":"2026-05-11 16:31:05"}
{"level":"info","message":"🚀 Server is running on port 5000","timestamp":"2026-05-11 16:31:05"}
{"level":"info","message":"\n⚠️ SIGINT received. Initiating graceful shutdown...","timestamp":"2026-05-11 16:31:08"}
{"level":"info","message":"🌍 Mode: production","timestamp":"2026-05-14 02:37:45"}
{"level":"info","message":"✅ Environment Variables Validated","timestamp":"2026-05-14 02:37:45"}
{"level":"info","message":"🔥 Firebase Admin Initialized Successfully","timestamp":"2026-05-14 02:37:46"}
{"level":"info","message":"⏳ Attempting to connect to MongoDB...","timestamp":"2026-05-14 02:37:47"}
{"level":"info","message":"✅ Connected to MongoDB Successfully!","timestamp":"2026-05-14 02:37:49"}
{"level":"info","message":"🚀 Server is running on port 5000","timestamp":"2026-05-14 02:37:49"}
{"level":"info","message":"🌍 Mode: production","timestamp":"2026-05-16 02:35:43"}
{"level":"info","message":"✅ Environment Variables Validated","timestamp":"2026-05-16 02:35:43"}
{"level":"info","message":"🔥 Firebase Admin Initialized Successfully","timestamp":"2026-05-16 02:35:44"}
{"level":"info","message":"⏳ Attempting to connect to MongoDB...","timestamp":"2026-05-16 02:35:45"}
{"level":"info","message":"✅ Connected to MongoDB Successfully!","timestamp":"2026-05-16 02:35:48"}
{"level":"info","message":"🚀 Server is running on port 5000","timestamp":"2026-05-16 02:35:48"}
{"level":"info","message":"\n⚠️ SIGINT received. Initiating graceful shutdown...","timestamp":"2026-05-16 02:36:04"}
{"level":"info","message":"🌍 Mode: production","timestamp":"2026-05-17 06:51:35"}
{"level":"info","message":"✅ Environment Variables Validated","timestamp":"2026-05-17 06:51:35"}
{"level":"info","message":"🔥 Firebase Admin Initialized Successfully","timestamp":"2026-05-17 06:51:36"}
{"level":"info","message":"⏳ Attempting to connect to MongoDB...","timestamp":"2026-05-17 06:51:36"}
{"level":"info","message":"✅ Connected to MongoDB Successfully!","timestamp":"2026-05-17 06:51:38"}
{"level":"info","message":"🚀 Server is running on port 5000","timestamp":"2026-05-17 06:51:38"}
{"level":"info","message":"🌍 Mode: production","timestamp":"2026-05-17 07:02:29"}
{"level":"info","message":"✅ Environment Variables Validated","timestamp":"2026-05-17 07:02:29"}
{"level":"info","message":"🔥 Firebase Admin Initialized Successfully","timestamp":"2026-05-17 07:02:29"}
{"level":"info","message":"⏳ Attempting to connect to MongoDB...","timestamp":"2026-05-17 07:02:29"}
{"level":"info","message":"✅ Connected to MongoDB Successfully!","timestamp":"2026-05-17 07:02:31"}
{"level":"info","message":"🚀 Server is running on port 5000","timestamp":"2026-05-17 07:02:31"}
{"level":"info","message":"🌍 Mode: production","timestamp":"2026-05-17 07:06:14"}
{"level":"info","message":"✅ Environment Variables Validated","timestamp":"2026-05-17 07:06:14"}
{"level":"info","message":"🔥 Firebase Admin Initialized Successfully","timestamp":"2026-05-17 07:06:15"}
{"level":"info","message":"⏳ Attempting to connect to MongoDB...","timestamp":"2026-05-17 07:06:15"}
{"level":"info","message":"✅ Connected to MongoDB Successfully!","timestamp":"2026-05-17 07:06:17"}
{"level":"info","message":"🚀 Server is running on port 5000","timestamp":"2026-05-17 07:06:17"}
{"level":"info","message":"🌍 Mode: production","timestamp":"2026-05-17 07:06:27"}
{"level":"info","message":"✅ Environment Variables Validated","timestamp":"2026-05-17 07:06:27"}
{"level":"info","message":"🔥 Firebase Admin Initialized Successfully","timestamp":"2026-05-17 07:06:27"}
{"level":"info","message":"⏳ Attempting to connect to MongoDB...","timestamp":"2026-05-17 07:06:28"}
{"level":"info","message":"✅ Connected to MongoDB Successfully!","timestamp":"2026-05-17 07:06:32"}
{"level":"info","message":"🚀 Server is running on port 5000","timestamp":"2026-05-17 07:06:32"}
{"level":"info","message":"\n⚠️ SIGINT received. Initiating graceful shutdown...","timestamp":"2026-05-17 07:07:11"}
{"level":"info","message":"🌍 Mode: production","timestamp":"2026-06-19 04:54:27"}
{"level":"info","message":"✅ Environment Variables Validated","timestamp":"2026-06-19 04:54:27"}
{"level":"info","message":"🔥 Firebase Admin Initialized Successfully","timestamp":"2026-06-19 04:54:29"}
{"level":"info","message":"⏳ Attempting to connect to MongoDB...","timestamp":"2026-06-19 04:54:29"}
{"code":8000,"codeName":"AtlasError","connectionGeneration":0,"errorLabelSet":{},"errorResponse":{"code":8000,"codeName":"AtlasError","errmsg":"bad auth : authentication failed","ok":0},"level":"error","message":"❌ Database Connection Failed: bad auth : authentication failed","ok":0,"stack":"MongoServerError: bad auth : authentication failed\n    at Connection.sendCommand (C:\\Users\\SAMUEL\\Desktop\\ASCON Alumni\\backend\\node_modules\\mongodb\\lib\\cmap\\connection.js:320:27)\n    at process.processTicksAndRejections (node:internal/process/task_queues:105:5)\n    at async Connection.command (C:\\Users\\SAMUEL\\Desktop\\ASCON Alumni\\backend\\node_modules\\mongodb\\lib\\cmap\\connection.js:344:26)\n    at async continueScramConversation (C:\\Users\\SAMUEL\\Desktop\\ASCON Alumni\\backend\\node_modules\\mongodb\\lib\\cmap\\auth\\scram.js:131:15)\n    at async executeScram (C:\\Users\\SAMUEL\\Desktop\\ASCON Alumni\\backend\\node_modules\\mongodb\\lib\\cmap\\auth\\scram.js:80:5)\n    at async ScramSHA1.auth (C:\\Users\\SAMUEL\\Desktop\\ASCON Alumni\\backend\\node_modules\\mongodb\\lib\\cmap\\auth\\scram.js:39:16)\n    at async performInitialHandshake (C:\\Users\\SAMUEL\\Desktop\\ASCON Alumni\\backend\\node_modules\\mongodb\\lib\\cmap\\connect.js:110:13)\n    at async connect (C:\\Users\\SAMUEL\\Desktop\\ASCON Alumni\\backend\\node_modules\\mongodb\\lib\\cmap\\connect.js:28:9)","timestamp":"2026-06-19 04:54:32"}
{"level":"info","message":"🌍 Mode: production","timestamp":"2026-06-19 05:27:42"}
{"level":"info","message":"✅ Environment Variables Validated","timestamp":"2026-06-19 05:27:42"}
{"level":"info","message":"🔥 Firebase Admin Initialized Successfully","timestamp":"2026-06-19 05:27:43"}
{"level":"info","message":"⏳ Attempting to connect to MongoDB...","timestamp":"2026-06-19 05:27:43"}
{"level":"info","message":"✅ Connected to MongoDB Successfully!","timestamp":"2026-06-19 05:27:46"}
{"level":"info","message":"🚀 Server is running on port 5000","timestamp":"2026-06-19 05:27:46"}
{"level":"info","message":"🌍 Mode: production","timestamp":"2026-06-20 00:29:40"}
{"level":"info","message":"✅ Environment Variables Validated","timestamp":"2026-06-20 00:29:40"}
{"level":"info","message":"🔥 Firebase Admin Initialized Successfully","timestamp":"2026-06-20 00:29:41"}
{"level":"info","message":"⏳ Attempting to connect to MongoDB...","timestamp":"2026-06-20 00:29:42"}
{"level":"info","message":"✅ Connected to MongoDB Successfully!","timestamp":"2026-06-20 00:29:45"}
{"level":"info","message":"🚀 Server is running on port 5000","timestamp":"2026-06-20 00:29:45"}
{"level":"info","message":"🌍 Mode: production","timestamp":"2026-06-20 00:41:03"}
{"level":"info","message":"🌍 Mode: production","timestamp":"2026-06-20 00:41:20"}
{"level":"info","message":"🌍 Mode: production","timestamp":"2026-06-20 00:41:31"}
{"level":"info","message":"🌍 Mode: production","timestamp":"2026-06-20 00:42:02"}
{"level":"info","message":"🌍 Mode: production","timestamp":"2026-06-20 00:42:21"}
{"level":"info","message":"🌍 Mode: production","timestamp":"2026-06-20 00:43:11"}
{"level":"info","message":"🌍 Mode: production","timestamp":"2026-06-20 00:47:15"}
{"level":"info","message":"🌍 Mode: production","timestamp":"2026-06-20 00:49:05"}
{"level":"info","message":"🌍 Mode: production","timestamp":"2026-06-20 00:49:23"}
{"level":"info","message":"🌍 Mode: production","timestamp":"2026-06-20 00:51:19"}
{"level":"info","message":"🌍 Mode: production","timestamp":"2026-06-20 00:51:27"}
{"level":"info","message":"🌍 Mode: production","timestamp":"2026-06-20 00:52:11"}
{"level":"info","message":"🌍 Mode: production","timestamp":"2026-06-20 00:56:20"}
{"level":"info","message":"🌍 Mode: production","timestamp":"2026-06-20 00:57:14"}
{"level":"info","message":"🌍 Mode: production","timestamp":"2026-06-20 00:58:06"}
{"level":"info","message":"🌍 Mode: production","timestamp":"2026-06-20 00:58:23"}
{"level":"info","message":"🌍 Mode: production","timestamp":"2026-06-20 01:00:28"}
{"level":"info","message":"🌍 Mode: production","timestamp":"2026-06-20 01:00:50"}
{"level":"info","message":"🌍 Mode: production","timestamp":"2026-06-20 01:01:09"}
{"level":"info","message":"🌍 Mode: production","timestamp":"2026-06-20 01:01:26"}
{"level":"info","message":"🌍 Mode: production","timestamp":"2026-06-20 01:01:42"}
{"level":"info","message":"🌍 Mode: production","timestamp":"2026-06-20 01:02:43"}
{"level":"info","message":"🌍 Mode: production","timestamp":"2026-06-20 01:02:56"}
{"level":"info","message":"🌍 Mode: production","timestamp":"2026-06-20 01:03:32"}
{"level":"info","message":"🌍 Mode: production","timestamp":"2026-06-20 01:04:26"}
{"level":"info","message":"🌍 Mode: production","timestamp":"2026-06-20 01:05:12"}
{"level":"info","message":"🌍 Mode: production","timestamp":"2026-06-20 01:05:31"}
{"level":"info","message":"🌍 Mode: production","timestamp":"2026-06-20 01:05:39"}
{"level":"info","message":"🌍 Mode: production","timestamp":"2026-06-20 01:05:50"}
{"level":"info","message":"🌍 Mode: production","timestamp":"2026-06-20 01:06:03"}
{"level":"info","message":"🌍 Mode: production","timestamp":"2026-06-20 01:06:58"}
{"level":"info","message":"🌍 Mode: production","timestamp":"2026-06-20 01:23:06"}
{"level":"info","message":"✅ Environment Variables Validated","timestamp":"2026-06-20 01:23:06"}
{"level":"info","message":"🔥 Firebase Admin Initialized Successfully","timestamp":"2026-06-20 01:23:07"}
{"level":"info","message":"⏳ Attempting to connect to MongoDB...","timestamp":"2026-06-20 01:23:07"}
{"level":"info","message":"✅ Connected to MongoDB Successfully!","timestamp":"2026-06-20 01:23:11"}
{"level":"info","message":"🚀 Server is running on port 5000","timestamp":"2026-06-20 01:23:12"}
{"level":"info","message":"🌍 Mode: production","timestamp":"2026-06-20 01:25:01"}
{"level":"info","message":"✅ Environment Variables Validated","timestamp":"2026-06-20 01:25:01"}
{"level":"info","message":"🔥 Firebase Admin Initialized Successfully","timestamp":"2026-06-20 01:25:02"}
{"level":"info","message":"⏳ Attempting to connect to MongoDB...","timestamp":"2026-06-20 01:25:02"}
{"level":"info","message":"✅ Connected to MongoDB Successfully!","timestamp":"2026-06-20 01:25:04"}
{"level":"info","message":"🚀 Server is running on port 5000","timestamp":"2026-06-20 01:25:04"}
{"level":"info","message":"🌍 Mode: production","timestamp":"2026-06-20 01:25:53"}
{"level":"info","message":"🌍 Mode: production","timestamp":"2026-06-20 01:26:06"}
{"level":"info","message":"✅ Environment Variables Validated","timestamp":"2026-06-20 01:26:06"}
{"level":"info","message":"🔥 Firebase Admin Initialized Successfully","timestamp":"2026-06-20 01:26:07"}
{"level":"info","message":"⏳ Attempting to connect to MongoDB...","timestamp":"2026-06-20 01:26:07"}
{"level":"info","message":"✅ Connected to MongoDB Successfully!","timestamp":"2026-06-20 01:26:10"}
{"level":"info","message":"🚀 Server is running on port 5000","timestamp":"2026-06-20 01:26:10"}
{"level":"info","message":"\n⚠️ SIGINT received. Initiating graceful shutdown...","timestamp":"2026-06-20 01:27:29"}
{"level":"info","message":"🌍 Mode: production","timestamp":"2026-06-21 16:58:42"}
{"level":"info","message":"✅ Environment Variables Validated","timestamp":"2026-06-21 16:58:42"}
{"level":"info","message":"🔥 Firebase Admin Initialized Successfully","timestamp":"2026-06-21 16:58:44"}
{"level":"info","message":"⏳ Attempting to connect to MongoDB...","timestamp":"2026-06-21 16:58:44"}
{"level":"info","message":"✅ Connected to MongoDB Successfully!","timestamp":"2026-06-21 16:58:54"}
{"level":"info","message":"🚀 Server is running on port 5000","timestamp":"2026-06-21 16:58:55"}
{"level":"info","message":"\n⚠️ SIGINT received. Initiating graceful shutdown...","timestamp":"2026-06-21 17:01:48"}
{"level":"info","message":"🌍 Mode: production","timestamp":"2026-06-22 02:29:45"}
{"level":"info","message":"✅ Environment Variables Validated","timestamp":"2026-06-22 02:29:45"}
{"level":"info","message":"🔥 Firebase Admin Initialized Successfully","timestamp":"2026-06-22 02:29:47"}
{"level":"info","message":"⏳ Attempting to connect to MongoDB...","timestamp":"2026-06-22 02:29:47"}
{"level":"info","message":"✅ Connected to MongoDB Successfully!","timestamp":"2026-06-22 02:29:49"}
{"level":"info","message":"🚀 Server is running on port 5000","timestamp":"2026-06-22 02:29:50"}
{"level":"info","message":"🌍 Mode: production","timestamp":"2026-06-22 21:16:36"}
{"level":"info","message":"✅ Environment Variables Validated","timestamp":"2026-06-22 21:16:36"}
{"level":"info","message":"🔥 Firebase Admin Initialized Successfully","timestamp":"2026-06-22 21:16:38"}
{"level":"info","message":"⏳ Attempting to connect to MongoDB...","timestamp":"2026-06-22 21:16:38"}
{"level":"info","message":"✅ Connected to MongoDB Successfully!","timestamp":"2026-06-22 21:16:40"}
{"level":"info","message":"🚀 Server is running on port 5000","timestamp":"2026-06-22 21:16:41"}
{"level":"info","message":"\n⚠️ SIGINT received. Initiating graceful shutdown...","timestamp":"2026-06-22 21:16:46"}
{"level":"info","message":"🌍 Mode: production","timestamp":"2026-06-22 22:06:16"}
{"level":"info","message":"✅ Environment Variables Validated","timestamp":"2026-06-22 22:06:16"}
{"level":"info","message":"🔥 Firebase Admin Initialized Successfully","timestamp":"2026-06-22 22:06:18"}
{"level":"info","message":"⏳ Attempting to connect to MongoDB...","timestamp":"2026-06-22 22:06:18"}
{"level":"info","message":"✅ Connected to MongoDB Successfully!","timestamp":"2026-06-22 22:06:21"}
{"level":"info","message":"🚀 Server is running on port 5000","timestamp":"2026-06-22 22:06:21"}
{"level":"info","message":"🌍 Mode: production","timestamp":"2026-06-23 03:29:35"}
{"level":"info","message":"✅ Environment Variables Validated","timestamp":"2026-06-23 03:29:35"}
{"level":"info","message":"🔥 Firebase Admin Initialized Successfully","timestamp":"2026-06-23 03:29:39"}
{"level":"info","message":"⏳ Attempting to connect to MongoDB...","timestamp":"2026-06-23 03:29:39"}
{"level":"info","message":"✅ Connected to MongoDB Successfully!","timestamp":"2026-06-23 03:29:44"}
{"level":"info","message":"🚀 Server is running on port 5000","timestamp":"2026-06-23 03:29:44"}
{"level":"info","message":"🌍 Mode: production","timestamp":"2026-06-23 03:53:45"}
{"level":"info","message":"✅ Environment Variables Validated","timestamp":"2026-06-23 03:53:45"}
{"level":"info","message":"🔥 Firebase Admin Initialized Successfully","timestamp":"2026-06-23 03:53:47"}
{"level":"info","message":"⏳ Attempting to connect to MongoDB...","timestamp":"2026-06-23 03:53:47"}
{"level":"info","message":"✅ Connected to MongoDB Successfully!","timestamp":"2026-06-23 03:53:50"}
{"level":"info","message":"🚀 Server is running on port 5000","timestamp":"2026-06-23 03:53:50"}
{"level":"info","message":"🌍 Mode: production","timestamp":"2026-06-23 04:36:04"}
{"level":"info","message":"✅ Environment Variables Validated","timestamp":"2026-06-23 04:36:04"}
{"level":"info","message":"🔥 Firebase Admin Initialized Successfully","timestamp":"2026-06-23 04:36:05"}
{"level":"info","message":"⏳ Attempting to connect to MongoDB...","timestamp":"2026-06-23 04:36:06"}
{"level":"info","message":"✅ Connected to MongoDB Successfully!","timestamp":"2026-06-23 04:36:08"}
{"level":"info","message":"🚀 Server is running on port 5000","timestamp":"2026-06-23 04:36:09"}
{"level":"info","message":"\n⚠️ SIGINT received. Initiating graceful shutdown...","timestamp":"2026-06-23 04:45:26"}
{"level":"info","message":"🔥 Firebase Admin Initialized Successfully","timestamp":"2026-06-23 05:49:08"}
{"level":"info","message":"🌍 Mode: production","timestamp":"2026-06-23 05:49:08"}
{"level":"info","message":"✅ Environment Variables Validated","timestamp":"2026-06-23 05:49:08"}
{"level":"info","message":"⏳ Attempting to connect to MongoDB...","timestamp":"2026-06-23 05:49:12"}
{"level":"info","message":"✅ Connected to MongoDB Successfully!","timestamp":"2026-06-23 05:49:16"}
{"level":"info","message":"🚀 Server is running on port 5000","timestamp":"2026-06-23 05:49:17"}
{"level":"info","message":"🔥 Firebase Admin Initialized Successfully","timestamp":"2026-06-23 07:04:49"}
{"level":"info","message":"🌍 Mode: production","timestamp":"2026-06-23 07:04:49"}
{"level":"info","message":"✅ Environment Variables Validated","timestamp":"2026-06-23 07:04:49"}
{"level":"info","message":"⏳ Attempting to connect to MongoDB...","timestamp":"2026-06-23 07:04:51"}
{"level":"info","message":"✅ Connected to MongoDB Successfully!","timestamp":"2026-06-23 07:04:54"}
{"level":"info","message":"🚀 Server is running on port 5000","timestamp":"2026-06-23 07:04:54"}
{"level":"info","message":"🔥 Firebase Admin Initialized Successfully","timestamp":"2026-06-23 07:05:08"}
{"level":"info","message":"🌍 Mode: production","timestamp":"2026-06-23 07:05:08"}
{"level":"info","message":"✅ Environment Variables Validated","timestamp":"2026-06-23 07:05:08"}
{"level":"info","message":"⏳ Attempting to connect to MongoDB...","timestamp":"2026-06-23 07:05:09"}
{"level":"info","message":"✅ Connected to MongoDB Successfully!","timestamp":"2026-06-23 07:05:12"}
{"level":"info","message":"🚀 Server is running on port 5000","timestamp":"2026-06-23 07:05:12"}
{"level":"info","message":"\n⚠️ SIGINT received. Initiating graceful shutdown...","timestamp":"2026-06-23 07:05:22"}
{"level":"info","message":"🔥 Firebase Admin Initialized Successfully","timestamp":"2026-06-24 02:24:58"}
{"level":"info","message":"🌍 Mode: production","timestamp":"2026-06-24 02:24:58"}
{"level":"info","message":"✅ Environment Variables Validated","timestamp":"2026-06-24 02:24:58"}
{"level":"info","message":"⏳ Attempting to connect to MongoDB...","timestamp":"2026-06-24 02:25:00"}
{"level":"info","message":"✅ Connected to MongoDB Successfully!","timestamp":"2026-06-24 02:25:03"}
{"level":"info","message":"🚀 Server is running on port 5000","timestamp":"2026-06-24 02:25:03"}
{"level":"info","message":"\n⚠️ SIGINT received. Initiating graceful shutdown...","timestamp":"2026-06-24 02:25:40"}
{"level":"info","message":"🔥 Firebase Admin Initialized Successfully","timestamp":"2026-06-24 03:02:07"}
{"level":"info","message":"🌍 Mode: production","timestamp":"2026-06-24 03:02:07"}
{"level":"info","message":"✅ Environment Variables Validated","timestamp":"2026-06-24 03:02:07"}
{"level":"info","message":"⏳ Attempting to connect to MongoDB...","timestamp":"2026-06-24 03:02:09"}
{"level":"info","message":"✅ Connected to MongoDB Successfully!","timestamp":"2026-06-24 03:02:12"}
{"level":"info","message":"🚀 Server is running on port 5000","timestamp":"2026-06-24 03:02:12"}
{"level":"info","message":"🔥 Firebase Admin Initialized Successfully","timestamp":"2026-06-24 03:49:16"}
{"level":"info","message":"🌍 Mode: production","timestamp":"2026-06-24 03:49:16"}
{"level":"info","message":"✅ Environment Variables Validated","timestamp":"2026-06-24 03:49:16"}
{"level":"info","message":"⏳ Attempting to connect to MongoDB...","timestamp":"2026-06-24 03:49:23"}
{"level":"info","message":"✅ Connected to MongoDB Successfully!","timestamp":"2026-06-24 03:49:26"}
{"level":"info","message":"🚀 Server is running on port 5000","timestamp":"2026-06-24 03:49:27"}
{"level":"info","message":"🔥 Firebase Admin Initialized Successfully","timestamp":"2026-06-25 00:38:32"}
{"level":"info","message":"🌍 Mode: production","timestamp":"2026-06-25 00:38:32"}
{"level":"info","message":"✅ Environment Variables Validated","timestamp":"2026-06-25 00:38:32"}
{"level":"info","message":"⏳ Attempting to connect to MongoDB...","timestamp":"2026-06-25 00:38:34"}
{"level":"info","message":"✅ Connected to MongoDB Successfully!","timestamp":"2026-06-25 00:38:37"}
{"level":"info","message":"🚀 Server is running on port 5000","timestamp":"2026-06-25 00:38:37"}
{"level":"info","message":"🔥 Firebase Admin Initialized Successfully","timestamp":"2026-06-25 00:45:35"}
{"level":"info","message":"🌍 Mode: production","timestamp":"2026-06-25 00:45:35"}
{"level":"info","message":"✅ Environment Variables Validated","timestamp":"2026-06-25 00:45:35"}
{"level":"info","message":"⏳ Attempting to connect to MongoDB...","timestamp":"2026-06-25 00:45:37"}
{"level":"info","message":"✅ Connected to MongoDB Successfully!","timestamp":"2026-06-25 00:45:39"}
{"level":"info","message":"🚀 Server is running on port 5000","timestamp":"2026-06-25 00:45:40"}
{"level":"info","message":"🔥 Firebase Admin Initialized Successfully","timestamp":"2026-06-25 00:46:23"}
{"level":"info","message":"🌍 Mode: production","timestamp":"2026-06-25 00:46:23"}
{"level":"info","message":"✅ Environment Variables Validated","timestamp":"2026-06-25 00:46:23"}
{"level":"info","message":"⏳ Attempting to connect to MongoDB...","timestamp":"2026-06-25 00:46:24"}
{"level":"info","message":"✅ Connected to MongoDB Successfully!","timestamp":"2026-06-25 00:46:26"}
{"level":"info","message":"🚀 Server is running on port 5000","timestamp":"2026-06-25 00:46:27"}
{"level":"info","message":"\n⚠️ SIGINT received. Initiating graceful shutdown...","timestamp":"2026-06-25 00:46:38"}
